[04May2025 00:00:06.501] [Server thread/INFO] [net.minecraft.server.players.PlayerList/]: BladePatterson_[/127.104.23.9:46481] logged in with entity id 64 at (-390.69999998807907, 64.0, -711.3000000119209)
[04May2025 00:00:06.641] [Server thread/INFO] [net.minecraft.server.MinecraftServer/]: BladePatterson_ joined the game
[04May2025 00:00:08.482] [Server thread/INFO] [voicechat/]: [voicechat] Received secret request of BladePatterson_ (18)
[04May2025 00:00:08.484] [Server thread/INFO] [voicechat/]: [voicechat] Sent secret to BladePatterson_
[04May2025 00:00:08.486] [Server thread/WARN] [net.minecraft.server.MinecraftServer/]: Can't keep up! Is the server overloaded? Running 2029ms or 40 ticks behind
[04May2025 00:00:09.520] [Server thread/INFO] [net.minecraft.server.players.PlayerList/]: ShadowDairk[/127.70.196.34:54901] logged in with entity id 209 at (-464.9889911962357, 77.0, -1584.699999988079)
[04May2025 00:00:09.537] [Server thread/INFO] [net.minecraft.server.MinecraftServer/]: ShadowDairk joined the game
[04May2025 00:00:11.350] [Server thread/INFO] [voicechat/]: [voicechat] Received secret request of ShadowDairk (18)
[04May2025 00:00:11.351] [Server thread/INFO] [voicechat/]: [voicechat] Sent secret to ShadowDairk
[04May2025 00:02:12.923] [Server thread/INFO] [net.minecraft.server.network.ServerGamePacketListenerImpl/]: BladePatterson_ lost connection: Disconnected
[04May2025 00:02:12.924] [Server thread/INFO] [net.minecraft.server.MinecraftServer/]: BladePatterson_ left the game
[04May2025 00:02:12.926] [Server thread/INFO] [voicechat/]: [voicechat] Disconnecting client BladePatterson_
[04May2025 00:02:14.812] [Server thread/INFO] [net.minecraft.server.network.ServerGamePacketListenerImpl/]: ShadowDairk lost connection: Disconnected
[04May2025 00:02:14.813] [Server thread/INFO] [net.minecraft.server.MinecraftServer/]: ShadowDairk left the game
[04May2025 00:02:14.813] [Server thread/INFO] [voicechat/]: [voicechat] Disconnecting client ShadowDairk
[04May2025 00:06:11.212] [Server thread/INFO] [net.minecraft.server.MinecraftServer/]: Stopping the server
[04May2025 00:06:11.262] [Server thread/INFO] [net.minecraft.server.MinecraftServer/]: Stopping server
[04May2025 00:06:11.263] [Server thread/INFO] [net.minecraft.server.MinecraftServer/]: Saving players
[04May2025 00:06:11.263] [Server thread/INFO] [net.minecraft.server.MinecraftServer/]: Saving worlds
[04May2025 00:06:11.526] [Server thread/INFO] [net.minecraft.server.MinecraftServer/]: Saving chunks for level 'ServerLevel[world]'/minecraft:overworld
[04May2025 00:06:12.520] [Server thread/INFO] [net.minecraft.server.MinecraftServer/]: Saving chunks for level 'ServerLevel[world]'/graveyard:past
[04May2025 00:06:12.522] [Server thread/INFO] [net.minecraft.server.MinecraftServer/]: Saving chunks for level 'ServerLevel[world]'/minecraft:the_end
[04May2025 00:06:12.523] [Server thread/INFO] [net.minecraft.server.MinecraftServer/]: Saving chunks for level 'ServerLevel[world]'/minecraft:the_nether
[04May2025 00:06:12.525] [Server thread/INFO] [net.minecraft.server.MinecraftServer/]: Saving chunks for level 'ServerLevel[world]'/arphex:the_crawling
[04May2025 00:06:12.643] [Server thread/INFO] [net.minecraft.server.MinecraftServer/]: ThreadedAnvilChunkStorage (world): All chunks are saved
[04May2025 00:06:12.643] [Server thread/INFO] [net.minecraft.server.MinecraftServer/]: ThreadedAnvilChunkStorage (past): All chunks are saved
[04May2025 00:06:12.643] [Server thread/INFO] [net.minecraft.server.MinecraftServer/]: ThreadedAnvilChunkStorage (DIM1): All chunks are saved
[04May2025 00:06:12.643] [Server thread/INFO] [net.minecraft.server.MinecraftServer/]: ThreadedAnvilChunkStorage (DIM-1): All chunks are saved
[04May2025 00:06:12.643] [Server thread/INFO] [net.minecraft.server.MinecraftServer/]: ThreadedAnvilChunkStorage (the_crawling): All chunks are saved
[04May2025 00:06:12.644] [Server thread/INFO] [net.minecraft.server.MinecraftServer/]: ThreadedAnvilChunkStorage: All dimensions are saved
[04May2025 00:06:12.668] [Server thread/INFO] [Framework/]: Unloading server configs...
[04May2025 00:06:12.670] [Server thread/INFO] [Framework/]: Sending config unload event for refurbished_furniture.server.toml
[04May2025 00:06:12.671] [Server thread/INFO] [Framework/]: Sending config unload event for backpacked-common.toml
[04May2025 00:06:12.671] [Server thread/INFO] [Framework/]: Sending config unload event for backpacked-server.toml
[04May2025 00:06:12.671] [Server thread/INFO] [Framework/]: Finished unloading server configs
[04May2025 00:06:12.672] [Server thread/INFO] [journeymap/]: Loading JourneyMap Forge Configs
